
{"level":"error","message":"Mensaje de error"}
{"level":"error","message":"Error de autenticación: Contraseña incorrecta"}
{"level":"error","message":"Error de autenticación: Contraseña incorrecta"}
{"level":"error","message":"Error de autenticación: Contraseña incorrecta"}{"level":"error","message":"Mensaje de error"}
{"level":"error","message":"Mensaje de error"}
{"level":"error","message":"Mensaje de error"}
{"level":"error","message":"Mensaje de error"}
{"level":"error","message":"Mensaje de error"}
{"level":"error","message":"Error de autenticación: Contraseña incorrecta"}
{"level":"error","message":"Error de autenticación: Contraseña incorrecta"}
{"level":"error","message":"Error de autenticación: Contraseña incorrecta"}
{"level":"error","message":"Error de autenticación: Contraseña incorrecta"}
{"level":"error","message":"Error de autenticación: Usuario no encontrado"}
{"level":"error","message":"Error de autenticación: Usuario no encontrado"}
{"level":"error","message":"Error de autenticación: Contraseña incorrecta"}
{"level":"error","message":"Error de autenticación: Usuario no encontrado"}
{"level":"error","message":"Error de autenticación: Contraseña incorrecta"}
{"level":"error","message":"Rol no válido proporcionado"}
{"level":"error","message":"Error en la ruta /premium/:uid"}
{"level":"error","message":"Error de autenticación: Contraseña incorrecta"}
{"level":"error","message":"Error de autenticación: Contraseña incorrecta"}
{"level":"error","message":"Error de autenticación: Contraseña incorrecta"}
{"level":"error","message":"Error de autenticación: Contraseña incorrecta"}
{"level":"error","message":"Error de autenticación: Contraseña incorrecta"}
{"level":"error","message":"Error de autenticación: Contraseña incorrecta"}
{"level":"error","message":"Error de autenticación: Contraseña incorrecta"}
{"level":"error","message":"Error de autenticación: Contraseña incorrecta"}
{"level":"error","message":"Error de autenticación: Contraseña incorrecta"}
{"level":"error","message":"Error de autenticación: Contraseña incorrecta"}
{"level":"error","message":"Error de autenticación: Contraseña incorrecta"}
{"level":"error","message":"Error de autenticación: Contraseña incorrecta"}
{"level":"error","message":"Error de autenticación: Contraseña incorrecta"}
{"level":"error","message":"Error de autenticación: Contraseña incorrecta"}
{"level":"error","message":"Error de autenticación: Contraseña incorrecta"}
{"level":"error","message":"Error de autenticación: Contraseña incorrecta"}
{"level":"error","message":"Error de autenticación: Usuario no encontrado"}
{"level":"error","message":"Error de autenticación: Usuario no encontrado"}
{"level":"error","message":"Error de autenticación: Usuario no encontrado"}
{"level":"error","message":"Error de autenticación: Usuario no encontrado"}
{"level":"error","message":"Error de autenticación: Usuario no encontrado"}
{"level":"error","message":"Error de autenticación: Usuario no encontrado"}
{"level":"error","message":"Error de autenticación: Usuario no encontrado"}
{"level":"error","message":"Error de autenticación: Contraseña incorrecta"}
{"level":"error","message":"Error de autenticación: Contraseña incorrecta"}
{"level":"error","message":"Error de autenticación: Contraseña incorrecta"}
{"level":"error","message":"Error de autenticación: Contraseña incorrecta"}
{"level":"error","message":"Error al comparar contraseñas: data and hash arguments required"}
{"level":"error","message":"Error al comparar contraseñas: data and hash arguments required"}
{"level":"error","message":"Error al comparar contraseñas: data and hash arguments required"}
{"level":"error","message":"Error al comparar contraseñas: data and hash arguments required"}
{"level":"error","message":"Error al comparar contraseñas: data and hash arguments required"}
{"level":"error","message":"Error al comparar contraseñas: data and hash arguments required"}
{"level":"error","message":"Error al comparar contraseñas: data and hash arguments required"}
{"level":"error","message":"Error al comparar contraseñas: data and hash arguments required"}
