{"level":"error","message":"Mensaje de error"}
{"level":"warn","message":"Mensaje de alerta"}
{"level":"info","message":"Mensaje de informacion"}
{"level":"http","message":"Mensaje de http"}
{"level":"verbose","message":"Mensaje de verbose"}
{"level":"debug","message":"Mensaje de debug"}
{"level":"silly","message":"Mensaje de silly"}
{"level":"info","message":"Se cargan usuarios"}
{"level":"info","message":"Se cargan productos"}
{"level":"info","message":"Se obtiene lista de carritos"}
{"level":"info","message":"Se obtiene lista de tickets"}
{"level":"info","message":"Se cargan productos"}
{"level":"info","message":"Se inicia página de Inicio de Login"}
{"level":"info","message":"Inicio de sesión exitoso para el usuario: baltamelkor@gmail.com"}
{"level":"info","message":"Se inicia página de Administrador"}
{"level":"info","message":"Se inicia página de Administrador"}
{"level":"error","message":"Error de autenticación: Contraseña incorrecta"}
{"level":"error","message":"Error de autenticación: Contraseña incorrecta"}
{"level":"error","message":"Error de autenticación: Contraseña incorrecta"}
{"level":"error","message":"Error de autenticación: Contraseña incorrecta"}
{"level":"info","message":"Se inicia página de Registro de Usuarios"}
{"level":"info","message":"Se inicia página de Inicio de Login"}
{"level":"error","message":"Error de autenticación: Usuario no encontrado"}
{"level":"error","message":"Error de autenticación: Usuario no encontrado"}
{"level":"error","message":"Error de autenticación: Contraseña incorrecta"}
{"level":"info","message":"Inicio de sesión exitoso para el usuario: baltamelkor@gmail.com"}
{"level":"info","message":"Se inicia página de Inicio de Login"}
{"level":"info","message":"Inicio de sesión exitoso para el usuario: baltamelkor@gmail.com"}
{"level":"info","message":"Inicio de sesión exitoso para el usuario: baltamelkor@gmail.com"}
{"level":"error","message":"Error de autenticación: Usuario no encontrado"}
{"level":"info","message":"Inicio de sesión exitoso para el usuario: baltamelkor@gmail.com"}
{"level":"info","message":"Inicio de sesión exitoso para el usuario: baltamelkor@gmail.com"}
{"level":"info","message":"Inicio de sesión exitoso para el usuario: baltamelkor@gmail.com"}
{"level":"info","message":"Inicio de sesión exitoso para el usuario: baltamelkor@gmail.com"}
{"level":"info","message":"Inicio de sesión exitoso para el usuario: baltamelkor@gmail.com"}
{"level":"info","message":"Inicio de sesión exitoso para el usuario: baltamelkor@gmail.com"}
{"level":"info","message":"Inicio de sesión exitoso para el usuario: baltamelkor@gmail.com"}
{"level":"info","message":"Inicio de sesión exitoso para el usuario: baltamelkor@gmail.com"}
{"level":"info","message":"Inicio de sesión exitoso para el usuario: baltamelkor@gmail.com"}
{"level":"info","message":"Se inicia página de Inicio de Login"}
{"level":"error","message":"Error de autenticación: Contraseña incorrecta"}
{"level":"info","message":"Se inicia página de Inicio de Login"}
{"level":"info","message":"Se inicia página de Inicio de Login"}
{"level":"info","message":"Se cargan usuarios"}
{"level":"error","message":"Rol no válido proporcionado"}
{"level":"error","message":"Error en la ruta /premium/:uid"}
{"level":"info","message":"Se cargan usuarios"}
{"level":"info","message":"Se crea Usuario correctamente"}
{"level":"info","message":"Se cargan usuarios"}
{"level":"info","message":"Se obtiene lista de tickets"}
{"level":"info","message":"Se obtiene lista de carritos"}
{"level":"info","message":"Se inicia página de Inicio de Login"}
{"level":"error","message":"Error de autenticación: Contraseña incorrecta"}
{"level":"error","message":"Error de autenticación: Contraseña incorrecta"}
{"level":"info","message":"Se inicia página de Registro de Usuarios"}
{"level":"info","message":"Se inicia página de Inicio de Login"}
{"level":"error","message":"Error de autenticación: Contraseña incorrecta"}
{"level":"info","message":"Se cargan usuarios"}
{"level":"info","message":"Se inicia página de Inicio de Login"}
{"level":"info","message":"Inicio de sesión exitoso para el usuario: baltamelkor@gmail.com"}
{"level":"info","message":"Inicio de sesión exitoso para el usuario: baltamelkor@gmail.com"}
{"level":"info","message":"Inicio de sesión exitoso para el usuario: baltamelkor@gmail.com"}
{"level":"info","message":"Inicio de sesión exitoso para el usuario: baltamelkor@gmail.com"}
{"level":"info","message":"Inicio de sesión exitoso para el usuario: baltamelkor@gmail.com"}
{"level":"info","message":"Se inicia página de Registro de Usuarios"}
{"level":"info","message":"Registro exitoso para el usuario: g.fullstack.mlk@gmail.com"}
{"level":"info","message":"Se inicia página de Inicio de Login"}
{"level":"error","message":"Error de autenticación: Contraseña incorrecta"}
{"level":"info","message":"Inicio de sesión exitoso para el usuario: baltamelkor@gmail.com"}
{"level":"info","message":"Inicio de sesión exitoso para el usuario: baltamelkor@gmail.com"}
{"level":"info","message":"Se envia correo para reestablecer contraseña a correobaltamelkor@gmail.com"}
{"level":"info","message":"Se envia correo para reestablecer contraseña a correobaltamelkor@gmail.com"}
{"level":"info","message":"Se envia correo para reestablecer contraseña a correobaltamelkor@gmail.com"}
{"level":"info","message":"Se envia correo para reestablecer contraseña a correobaltamelkor@gmail.com"}
{"level":"info","message":"Se envia correo para reestablecer contraseña a correobaltamelkor@gmail.com"}
{"level":"info","message":"Se inicia página de Inicio de Login"}
{"level":"info","message":"Inicio de sesión exitoso para el usuario: baltamelkor@gmail.com"}
{"level":"info","message":"Inicio de sesión exitoso para el usuario: baltamelkor@gmail.com"}
{"level":"info","message":"Inicio de sesión exitoso para el usuario: baltamelkor@gmail.com"}
{"level":"info","message":"Inicio de sesión exitoso para el usuario: baltamelkor@gmail.com"}
{"level":"info","message":"Inicio de sesión exitoso para el usuario: baltamelkor@gmail.com"}
{"level":"info","message":"Inicio de sesión exitoso para el usuario: baltamelkor@gmail.com"}
{"level":"info","message":"Inicio de sesión exitoso para el usuario: baltamelkor@gmail.com"}
{"level":"info","message":"Inicio de sesión exitoso para el usuario: baltamelkor@gmail.com"}
{"level":"info","message":"Inicio de sesión exitoso para el usuario: baltamelkor@gmail.com"}
{"level":"info","message":"Inicio de sesión exitoso para el usuario: baltamelkor@gmail.com"}
{"level":"info","message":"Inicio de sesión exitoso para el usuario: baltamelkor@gmail.com"}
{"level":"info","message":"Inicio de sesión exitoso para el usuario: baltamelkor@gmail.com"}
{"level":"info","message":"Inicio de sesión exitoso para el usuario: baltamelkor@gmail.com"}
{"level":"info","message":"Inicio de sesión exitoso para el usuario: baltamelkor@gmail.com"}
{"level":"info","message":"Inicio de sesión exitoso para el usuario: baltamelkor@gmail.com"}
{"level":"info","message":"Inicio de sesión exitoso para el usuario: baltamelkor@gmail.com"}
{"level":"info","message":"Inicio de sesión exitoso para el usuario: baltamelkor@gmail.com"}
{"level":"info","message":"Inicio de sesión exitoso para el usuario: baltamelkor@gmail.com"}
{"level":"info","message":"Inicio de sesión exitoso para el usuario: baltamelkor@gmail.com"}
{"level":"info","message":"Inicio de sesión exitoso para el usuario: baltamelkor@gmail.com"}
{"level":"info","message":"Inicio de sesión exitoso para el usuario: baltamelkor@gmail.com"}
{"level":"info","message":"Inicio de sesión exitoso para el usuario: baltamelkor@gmail.com"}
{"level":"info","message":"Inicio de sesión exitoso para el usuario: baltamelkor@gmail.com"}
{"level":"info","message":"Inicio de sesión exitoso para el usuario: baltamelkor@gmail.com"}
{"level":"info","message":"Inicio de sesión exitoso para el usuario: baltamelkor@gmail.com"}
{"level":"info","message":"Inicio de sesión exitoso para el usuario: baltamelkor@gmail.com"}
{"level":"info","message":"Inicio de sesión exitoso para el usuario: baltamelkor@gmail.com"}
{"level":"info","message":"Inicio de sesión exitoso para el usuario: baltamelkor@gmail.com"}
{"level":"info","message":"Inicio de sesión exitoso para el usuario: baltamelkor@gmail.com"}
{"level":"info","message":"Inicio de sesión exitoso para el usuario: baltamelkor@gmail.com"}
{"level":"info","message":"Inicio de sesión exitoso para el usuario: baltamelkor@gmail.com"}
{"level":"info","message":"Inicio de sesión exitoso para el usuario: baltamelkor@gmail.com"}
{"level":"info","message":"Inicio de sesión exitoso para el usuario: baltamelkor@gmail.com"}
{"level":"info","message":"Inicio de sesión exitoso para el usuario: baltamelkor@gmail.com"}
{"level":"info","message":"Inicio de sesión exitoso para el usuario: baltamelkor@gmail.com"}
{"level":"info","message":"Se inicia página de Inicio de Login"}
{"level":"info","message":"Se inicia página de Inicio de Login"}
{"level":"info","message":"Inicio de sesión exitoso para el usuario: baltamelkor@gmail.com"}
{"level":"info","message":"Inicio de sesión exitoso para el usuario: baltamelkor@gmail.com"}
{"level":"info","message":"Inicio de sesión exitoso para el usuario: baltamelkor@gmail.com"}
{"level":"info","message":"Inicio de sesión exitoso para el usuario: baltamelkor@gmail.com"}
{"level":"info","message":"Inicio de sesión exitoso para el usuario: baltamelkor@gmail.com"}
{"level":"info","message":"Se inicia página de Inicio de Login"}
{"level":"info","message":"Inicio de sesión exitoso para el usuario: baltamelkor@gmail.com"}
{"level":"info","message":"Se inicia página de Usuario"}
{"level":"info","message":"Se inicia página de Inicio de Login"}
{"level":"info","message":"Inicio de sesión exitoso para el usuario: baltamelkor@gmail.com"}
{"level":"info","message":"Se inicia página de Usuario"}
{"level":"info","message":"Se inicia página de Usuario"}
{"level":"info","message":"Se inicia página de Inicio de Login"}
{"level":"error","message":"Error de autenticación: Contraseña incorrecta"}
{"level":"error","message":"Error de autenticación: Contraseña incorrecta"}
{"level":"info","message":"Inicio de sesión exitoso para el usuario: baltamelkor@gmail.com"}
{"level":"info","message":"Se inicia página de Usuario"}
{"level":"info","message":"Se inicia página de Inicio de Login"}
{"level":"info","message":"Inicio de sesión exitoso para el usuario: baltamelkor@gmail.com"}
{"level":"info","message":"Se inicia página de Usuario"}
{"level":"info","message":"Se inicia página de Usuario"}
{"level":"info","message":"Se inicia página de Usuario"}
{"level":"info","message":"Se inicia página de Usuario"}
{"level":"info","message":"Se Cierra Sesión"}
{"level":"info","message":"Se inicia página de Inicio de Login"}
{"level":"error","message":"Error de autenticación: Contraseña incorrecta"}
{"level":"error","message":"Error de autenticación: Contraseña incorrecta"}
{"level":"error","message":"Error de autenticación: Contraseña incorrecta"}
{"level":"info","message":"Se inicia página de Inicio de Login"}
{"level":"info","message":"Inicio de sesión exitoso para el usuario: g.fullstack.mlk@gmail.com"}
{"level":"info","message":"Se inicia página de Administrador"}
{"level":"info","message":"Se inicia página de Inicio de Login"}
{"level":"error","message":"Error de autenticación: Contraseña incorrecta"}
{"level":"error","message":"Error de autenticación: Contraseña incorrecta"}
{"level":"info","message":"Se inicia página de Registro de Usuarios"}
{"level":"info","message":"Registro exitoso para el usuario: ge.astudillo.aray@gmail.com"}
{"level":"info","message":"Se inicia página de Inicio de Login"}
{"level":"info","message":"Inicio de sesión exitoso para el usuario: ge.astudillo.aray@gmail.com"}
{"level":"info","message":"Se inicia página de Usuario Plus (Premium)"}
{"level":"info","message":"Se inicia página de Inicio de Login"}
{"level":"info","message":"Se envia correo para reestablecer contraseña a correochoppers.astudillo@gmail.com"}
{"level":"info","message":"Se inicia página de Inicio de Login"}
{"level":"info","message":"Inicio de sesión exitoso para el usuario: choppers.astudillo@gmail.com"}
{"level":"info","message":"Se inicia página de Usuario"}
{"level":"info","message":"Se inicia página de Usuario"}
{"level":"info","message":"Se inicia página de Usuario"}
{"level":"info","message":"Se inicia página de Usuario"}
{"level":"info","message":"Se Cierra Sesión"}
{"level":"info","message":"Se inicia página de Inicio de Login"}
{"level":"error","message":"Error de autenticación: Contraseña incorrecta"}
{"level":"info","message":"Inicio de sesión exitoso para el usuario: ge.astudillo.aray@gmail.com"}
{"level":"info","message":"Se inicia página de Usuario Plus (Premium)"}
{"level":"info","message":"Se inicia página de Usuario Plus (Premium)"}
{"level":"info","message":"Se inicia página de Usuario Plus (Premium)"}
{"level":"info","message":"Se inicia página de Usuario Plus (Premium)"}
{"level":"info","message":"Se inicia página de Usuario Plus (Premium)"}
{"level":"info","message":"Se inicia página de Usuario Plus (Premium)"}
{"level":"info","message":"Se inicia página de Usuario Plus (Premium)"}
{"level":"info","message":"Se inicia página de Usuario Plus (Premium)"}
{"level":"info","message":"Se inicia página de Usuario Plus (Premium)"}
{"level":"info","message":"Se inicia página de Usuario Plus (Premium)"}
{"level":"info","message":"Se inicia página de Usuario Plus (Premium)"}
{"level":"info","message":"Se inicia página de Usuario Plus (Premium)"}
{"level":"info","message":"Se inicia página de Inicio de Login"}
{"level":"info","message":"Inicio de sesión exitoso para el usuario: baltazar.astudillo@colegiogriquelme.cl"}
{"level":"info","message":"Se inicia página de Usuario"}
{"level":"info","message":"Se inicia página de Usuario"}
{"level":"info","message":"Se inicia página de Inicio de Login"}
{"level":"error","message":"Error de autenticación: Contraseña incorrecta"}
{"level":"error","message":"Error de autenticación: Contraseña incorrecta"}
{"level":"info","message":"Inicio de sesión exitoso para el usuario: baltamelkor@gmail.com"}
{"level":"info","message":"Se inicia página de Usuario"}
{"level":"info","message":"Se inicia página de Usuario"}
{"level":"info","message":"Se inicia página de Usuario"}
{"level":"info","message":"Se Cierra Sesión"}
{"level":"info","message":"Se inicia página de Inicio de Login"}
{"level":"info","message":"Inicio de sesión exitoso para el usuario: ge.astudillo.aray@gmail.com"}
{"level":"info","message":"Se inicia página de Usuario Plus (Premium)"}
{"level":"info","message":"Se cargan usuarios"}
{"level":"info","message":"Se inicia página de Inicio de Login"}
{"level":"error","message":"Error de autenticación: Contraseña incorrecta"}
{"level":"error","message":"Error de autenticación: Contraseña incorrecta"}
{"level":"info","message":"Inicio de sesión exitoso para el usuario: baltamelkor@gmail.com"}
{"level":"info","message":"Se inicia página de Usuario"}
{"level":"info","message":"Inicio de sesión exitoso para el usuario: g.fullstack.mlk@gmail.com"}
{"level":"info","message":"Se inicia página de Administrador"}
{"level":"info","message":"Se inicia página de Administrador Usuario"}
{"level":"info","message":"Se inicia página de Inicio de Login"}
{"level":"info","message":"Se inicia página de Inicio de Login"}
{"level":"info","message":"Inicio de sesión exitoso para el usuario: baltamelkor@gmail.com"}
{"level":"info","message":"Se inicia página de Usuario"}
{"level":"info","message":"Se Cierra Sesión"}
{"level":"info","message":"Se inicia página de Inicio de Login"}
{"level":"error","message":"Error de autenticación: Usuario no encontrado"}
{"level":"error","message":"Error de autenticación: Usuario no encontrado"}
{"level":"error","message":"Error de autenticación: Usuario no encontrado"}
{"level":"error","message":"Error de autenticación: Usuario no encontrado"}
{"level":"info","message":"Inicio de sesión exitoso para el usuario: g.fullstack.mlk@gmail.com"}
{"level":"info","message":"Se inicia página de Administrador"}
{"level":"info","message":"Se inicia página de Inicio de Login"}
{"level":"error","message":"Error de autenticación: Usuario no encontrado"}
{"level":"error","message":"Error de autenticación: Usuario no encontrado"}
{"level":"error","message":"Error de autenticación: Usuario no encontrado"}
{"level":"info","message":"Inicio de sesión exitoso para el usuario: g.fullstack.mlk@gmail.com"}
{"level":"info","message":"Se inicia página de Administrador"}
{"level":"info","message":"Se inicia página de Administrador"}
{"level":"info","message":"Se inicia página de Administrador"}
{"level":"info","message":"Se inicia página de Administrador Usuario"}
{"level":"info","message":"Se inicia página de Administrador"}
{"level":"info","message":"Se inicia página de Administrador Usuario"}
{"level":"info","message":"Se inicia página de Administrador Usuario"}
{"level":"info","message":"Se inicia página de Administrador"}
{"level":"info","message":"Se obtiene lista de carritos"}
{"level":"info","message":"Se obtiene lista de tickets"}
{"level":"info","message":"Se inicia página de Inicio de Login"}
{"level":"info","message":"Inicio de sesión exitoso para el usuario: choppers.astudillo@gmail.com"}
{"level":"info","message":"Se inicia página de Usuario"}
{"level":"info","message":"Se inicia página de Usuario"}
{"level":"info","message":"Se inicia página de Usuario"}
{"level":"info","message":"Se inicia página de Usuario"}
{"level":"info","message":"Se inicia página de Usuario"}
{"level":"info","message":"Se inicia página de Usuario"}
{"level":"info","message":"Se inicia página de Usuario"}
{"level":"info","message":"Se inicia página de Usuario"}
{"level":"info","message":"Se inicia página de Usuario"}
{"level":"info","message":"Se inicia página de Usuario"}
{"level":"info","message":"Se inicia página de Usuario"}
{"level":"info","message":"Se inicia página de Usuario"}
{"level":"info","message":"Se Cierra Sesión"}
{"level":"info","message":"Se inicia página de Inicio de Login"}
{"level":"info","message":"Inicio de sesión exitoso para el usuario: choppers.astudillo@gmail.com"}
{"level":"info","message":"Se inicia página de Usuario"}
{"level":"info","message":"Se inicia página de Usuario"}
{"level":"info","message":"Se inicia página de Usuario"}
{"level":"info","message":"Se inicia página de Usuario"}
{"level":"info","message":"Se inicia página de Usuario"}
{"level":"info","message":"Se inicia página de Usuario"}
{"level":"info","message":"Se inicia página de Usuario"}
{"level":"info","message":"Se crea producto con usuario premium"}
{"level":"info","message":"Se crea producto con usuario premium"}
{"level":"info","message":"Se inicia página de Usuario"}
{"level":"info","message":"Se inicia página de Usuario"}
{"level":"info","message":"Se inicia página de Usuario"}
{"level":"info","message":"Se inicia página de Usuario"}
{"level":"info","message":"Se inicia página de Inicio de Login"}
{"level":"error","message":"Error de autenticación: Contraseña incorrecta"}
{"level":"info","message":"Inicio de sesión exitoso para el usuario: ge.astudillo.aray@gmail.com"}
{"level":"info","message":"Se inicia página de Usuario Plus (Premium)"}
{"level":"info","message":"Se inicia página de Usuario Plus (Premium)"}
{"level":"info","message":"Se inicia página de Inicio de Login"}
{"level":"error","message":"Error de autenticación: Contraseña incorrecta"}
{"level":"info","message":"Inicio de sesión exitoso para el usuario: baltamelkor@gmail.com"}
{"level":"info","message":"Se inicia página de Usuario"}
{"level":"info","message":"Se inicia página de Usuario"}
{"level":"info","message":"Se inicia página de Usuario"}
{"level":"info","message":"Se inicia página de Usuario"}
{"level":"info","message":"Se inicia página de Usuario"}
{"level":"info","message":"Se cargan productos"}
{"level":"info","message":"Se cargan productos"}
{"level":"info","message":"Se cargan productos"}
{"level":"info","message":"Se obtiene lista de tickets"}
{"level":"info","message":"Se obtiene lista de carritos"}
{"level":"info","message":"Se cargan usuarios"}
{"level":"info","message":"Se inicia página de Inicio de Login"}
{"level":"info","message":"Se Cierra Sesión"}
{"level":"info","message":"Se inicia página de Inicio de Login"}
{"level":"info","message":"Se inicia página de Registro de Usuarios"}
{"level":"info","message":"Se inicia página de Usuario"}
{"level":"info","message":"Se inicia página de Usuario Plus (Premium)"}
{"level":"info","message":"Se inicia página de Administrador"}
{"level":"info","message":"Se inicia página de Administrador Usuario"}
{"level":"info","message":"Se inicia página de Inicio de Login"}
{"level":"info","message":"Inicio de sesión exitoso para el usuario: baltamelkor@gmail.com"}
{"level":"info","message":"Se inicia página de Usuario"}
{"level":"info","message":"Se crea carrito correctamente correctamente"}
{"level":"info","message":"Se inicia página de Inicio de Login"}
{"level":"info","message":"Inicio de sesión exitoso para el usuario: baltamelkor@gmail.com"}
{"level":"info","message":"Se inicia página de Usuario"}
{"level":"info","message":"Se inicia página de Inicio de Login"}
{"level":"info","message":"Inicio de sesión exitoso para el usuario: baltamelkor@gmail.com"}
{"level":"info","message":"Se inicia página de Usuario"}
{"level":"info","message":"Se Cierra Sesión"}
{"level":"info","message":"Se inicia página de Inicio de Login"}
{"level":"error","message":"Error de autenticación: Contraseña incorrecta"}
{"level":"info","message":"Inicio de sesión exitoso para el usuario: g.fullstack.mlk@gmail.com"}
{"level":"info","message":"Se inicia página de Administrador"}
{"level":"info","message":"Se inicia página de Administrador"}
{"level":"info","message":"Se inicia página de Administrador"}
{"level":"info","message":"Se inicia página de Administrador"}
{"level":"info","message":"Se inicia página de Administrador"}
{"level":"info","message":"Se inicia página de Administrador"}
{"level":"info","message":"Se inicia página de Administrador"}
{"level":"info","message":"Se inicia página de Administrador"}
{"level":"info","message":"Se inicia página de Administrador"}
{"level":"info","message":"Se inicia página de Administrador"}
{"level":"info","message":"Se inicia página de Administrador"}
{"level":"info","message":"Se inicia página de Administrador Usuario"}
{"level":"info","message":"Se inicia página de Administrador"}
{"level":"info","message":"Se inicia página de Inicio de Login"}
{"level":"info","message":"Inicio de sesión exitoso para el usuario: baltamelkor@gmail.com"}
{"level":"info","message":"Se inicia página de Usuario"}
{"level":"info","message":"Se Cierra Sesión"}
{"level":"info","message":"Se inicia página de Inicio de Login"}
{"level":"info","message":"Se inicia página de Registro de Usuarios"}
{"level":"info","message":"Registro exitoso para el usuario: baltamelkor@gmail.com"}
{"level":"info","message":"Se inicia página de Inicio de Login"}
{"level":"info","message":"Inicio de sesión exitoso para el usuario: baltamelkor@gmail.com"}
{"level":"info","message":"Inicio de sesión exitoso para el usuario: baltamelkor@gmail.com"}
{"level":"error","message":"Error de autenticación: Contraseña incorrecta"}
{"level":"info","message":"Se envia correo para reestablecer contraseña a correobaltamelkor@gmail.com"}
{"level":"info","message":"Se inicia página de Inicio de Login"}
{"level":"info","message":"Inicio de sesión exitoso para el usuario: baltamelkor@gmail.com"}
{"level":"info","message":"Inicio de sesión exitoso para el usuario: baltamelkor@gmail.com"}
{"level":"info","message":"Inicio de sesión exitoso para el usuario: baltamelkor@gmail.com"}
{"level":"info","message":"Inicio de sesión exitoso para el usuario: baltamelkor@gmail.com"}
{"level":"info","message":"Se envia correo para reestablecer contraseña a correobaltamelkor@gmail.com"}
{"level":"info","message":"Se inicia página de Inicio de Login"}
{"level":"info","message":"Inicio de sesión exitoso para el usuario: baltamelkor@gmail.com"}
{"level":"info","message":"Inicio de sesión exitoso para el usuario: baltamelkor@gmail.com"}
{"level":"info","message":"Inicio de sesión exitoso para el usuario: baltamelkor@gmail.com"}
{"level":"info","message":"Inicio de sesión exitoso para el usuario: baltamelkor@gmail.com"}
{"level":"info","message":"Inicio de sesión exitoso para el usuario: baltamelkor@gmail.com"}
{"level":"info","message":"Inicio de sesión exitoso para el usuario: baltamelkor@gmail.com"}
{"level":"info","message":"Inicio de sesión exitoso para el usuario: baltamelkor@gmail.com"}
{"level":"info","message":"Inicio de sesión exitoso para el usuario: baltamelkor@gmail.com"}
{"level":"info","message":"Inicio de sesión exitoso para el usuario: baltamelkor@gmail.com"}
{"level":"info","message":"Inicio de sesión exitoso para el usuario: baltamelkor@gmail.com"}
{"level":"info","message":"Inicio de sesión exitoso para el usuario: baltamelkor@gmail.com"}
{"level":"info","message":"Inicio de sesión exitoso para el usuario: baltamelkor@gmail.com"}
{"level":"info","message":"Inicio de sesión exitoso para el usuario: baltamelkor@gmail.com"}
{"level":"info","message":"Se inicia página de Registro de Usuarios"}
{"level":"warn","message":"Intento de registro con un correo electrónico ya existente: baltamelkor@gmail.com"}
{"level":"warn","message":"Intento de registro con un correo electrónico ya existente: baltamelkor@gmail.com"}
{"level":"warn","message":"Intento de registro con un correo electrónico ya existente: baltamelkor@gmail.com"}
{"level":"warn","message":"Intento de registro con un correo electrónico ya existente: baltamelkor@gmail.com"}
{"level":"warn","message":"Intento de registro con un correo electrónico ya existente: baltamelkor@gmail.com"}
{"level":"info","message":"Se inicia página de Inicio de Login"}
{"level":"info","message":"Inicio de sesión exitoso para el usuario: baltamelkor@gmail.com"}
{"level":"info","message":"Inicio de sesión exitoso para el usuario: choppers.astudillo@gmail.com"}
{"level":"info","message":"Se inicia página de Usuario"}
{"level":"info","message":"Se inicia página de Inicio de Login"}
{"level":"info","message":"Inicio de sesión exitoso para el usuario: baltamelkor@gmail.com"}
{"level":"info","message":"Inicio de sesión exitoso para el usuario: baltamelkor@gmail.com"}
{"level":"info","message":"Inicio de sesión exitoso para el usuario: choppers.astudillo@gmail.com"}
{"level":"info","message":"Se inicia página de Usuario"}
{"level":"info","message":"Se cargan productos"}
{"level":"info","message":"Se cargan productos"}
{"level":"info","message":"Se cargan productos"}
{"level":"info","message":"Se cargan productos"}
{"level":"info","message":"Se inicia página de Inicio de Login"}
{"level":"info","message":"Se cargan productos"}
{"level":"info","message":"Se cargan productos"}
{"level":"info","message":"Se cargan productos"}
{"level":"info","message":"Se cargan productos"}
{"level":"info","message":"Se cargan productos"}
{"level":"info","message":"Se cargan productos"}
{"level":"info","message":"Se cargan productos"}
{"level":"info","message":"Se cargan productos"}
{"level":"info","message":"Se cargan productos"}
{"level":"info","message":"Se cargan productos"}
{"level":"info","message":"Se cargan productos"}
{"level":"info","message":"Se cargan productos"}
{"level":"info","message":"Se cargan productos"}
{"level":"info","message":"Se cargan productos"}
{"level":"info","message":"Se cargan productos"}
{"level":"info","message":"Se cargan productos"}
{"level":"info","message":"Se cargan productos"}
{"level":"info","message":"Se cargan productos"}
{"level":"info","message":"Se cargan productos"}
{"level":"info","message":"Se cargan productos"}
{"level":"info","message":"Se cargan productos"}
{"level":"info","message":"Se cargan productos"}
{"level":"info","message":"Se cargan productos"}
{"level":"info","message":"Se cargan productos"}
{"level":"info","message":"Se cargan productos"}
{"level":"info","message":"Se cargan productos"}
{"level":"info","message":"Se cargan productos"}
{"level":"info","message":"Se cargan productos"}
{"level":"info","message":"Se cargan productos"}
{"level":"info","message":"Se cargan productos"}
{"level":"info","message":"Se cargan productos"}
{"level":"info","message":"Se inicia página de Inicio de Login"}
{"level":"info","message":"Inicio de sesión exitoso para el usuario: choppers.astudillo@gmail.com"}
{"level":"info","message":"Se inicia página de Usuario"}
{"level":"info","message":"Se obtiene lista de carritos"}
{"level":"info","message":"Se cargan usuarios"}
{"level":"info","message":"Se obtiene lista de tickets"}
{"level":"info","message":"Se inicia página de Inicio de Login"}
{"level":"info","message":"Inicio de sesión exitoso para el usuario: g.fullstack.mlk@gmail.com"}
{"level":"info","message":"Se inicia página de Administrador"}
{"level":"info","message":"Se inicia página de Administrador"}
{"level":"info","message":"Se inicia página de Administrador"}
{"level":"info","message":"Se inicia página de Administrador"}
{"level":"info","message":"Se inicia página de Administrador"}
{"level":"info","message":"Se inicia página de Administrador"}
{"level":"info","message":"Se inicia página de Administrador"}
{"level":"info","message":"Se inicia página de Administrador"}
{"level":"info","message":"Se inicia página de Administrador"}
{"level":"info","message":"Se inicia página de Administrador"}
{"level":"info","message":"Se inicia página de Administrador"}
{"level":"info","message":"Se inicia página de Administrador"}
{"level":"info","message":"Se inicia página de Administrador"}
{"level":"info","message":"Se inicia página de Administrador"}
{"level":"info","message":"Se inicia página de Administrador"}
{"level":"info","message":"Se inicia página de Administrador"}
{"level":"info","message":"Se inicia página de Administrador"}
{"level":"info","message":"Se inicia página de Administrador"}
{"level":"info","message":"Se inicia página de Administrador Usuario"}
{"level":"info","message":"Se inicia página de Administrador"}
{"level":"info","message":"Se inicia página de Inicio de Login"}
{"level":"info","message":"Inicio de sesión exitoso para el usuario: baltamelkor@gmail.com"}
{"level":"info","message":"Inicio de sesión exitoso para el usuario: choppers.astudillo@gmail.com"}
{"level":"info","message":"Se inicia página de Usuario"}
{"level":"info","message":"Se inicia página de Inicio de Login"}
{"level":"info","message":"Inicio de sesión exitoso para el usuario: choppers.astudillo@gmail.com"}
{"level":"info","message":"Se inicia página de Usuario"}
{"level":"info","message":"Se inicia página de Usuario"}
{"level":"info","message":"Se inicia página de Usuario"}
{"level":"info","message":"Se Cierra Sesión"}
{"level":"info","message":"Se inicia página de Inicio de Login"}
{"level":"info","message":"Inicio de sesión exitoso para el usuario: g.fullstack.mlk@gmail.com"}
{"level":"info","message":"Se inicia página de Administrador"}
{"level":"info","message":"Se inicia página de Administrador"}
{"level":"info","message":"Se inicia página de Administrador Usuario"}
{"level":"info","message":"Se inicia página de Administrador Usuario"}
{"level":"info","message":"Se inicia página de Administrador"}
{"level":"info","message":"Se inicia página de Administrador"}
{"level":"info","message":"Se inicia página de Administrador"}
{"level":"info","message":"Se inicia página de Administrador"}
{"level":"info","message":"Se inicia página de Inicio de Login"}
{"level":"info","message":"Inicio de sesión exitoso para el usuario: choppers.astudillo@gmail.com"}
{"level":"info","message":"Se inicia página de Usuario"}
{"level":"info","message":"Se Cierra Sesión"}
{"level":"info","message":"Se inicia página de Inicio de Login"}
{"level":"info","message":"Inicio de sesión exitoso para el usuario: choppers.astudillo@gmail.com"}
{"level":"info","message":"Se inicia página de Usuario"}
{"level":"info","message":"Se inicia página de Usuario"}
{"level":"info","message":"Se inicia página de Inicio de Login"}
{"level":"info","message":"Inicio de sesión exitoso para el usuario: choppers.astudillo@gmail.com"}
{"level":"info","message":"Se inicia página de Usuario"}
{"level":"info","message":"Se inicia página de Inicio de Login"}
{"level":"info","message":"Inicio de sesión exitoso para el usuario: choppers.astudillo@gmail.com"}
{"level":"info","message":"Se inicia página de Usuario"}
{"level":"info","message":"Se inicia página de Inicio de Login"}
{"level":"info","message":"Inicio de sesión exitoso para el usuario: choppers.astudillo@gmail.com"}
{"level":"info","message":"Se inicia página de Usuario"}
{"level":"info","message":"Se obtiene lista de carritos"}
{"level":"info","message":"Se crea carrito correctamente correctamente"}
{"level":"info","message":"Se obtiene lista de tickets"}
{"level":"info","message":"Se crea ticket correctamente"}
{"level":"info","message":"Se cargan usuarios"}
{"level":"info","message":"Se crea Usuario correctamente"}
{"level":"info","message":"Se obtiene lista de carritos"}
{"level":"info","message":"Se crea carrito correctamente correctamente"}
{"level":"info","message":"Se obtiene lista de tickets"}
{"level":"info","message":"Se crea ticket correctamente"}
{"level":"info","message":"Se cargan usuarios"}
{"level":"info","message":"Se crea Usuario correctamente"}
{"level":"info","message":"Se obtiene lista de carritos"}
{"level":"info","message":"Se crea carrito correctamente correctamente"}
{"level":"info","message":"Se obtiene lista de tickets"}
{"level":"info","message":"Se crea ticket correctamente"}
{"level":"info","message":"Se cargan usuarios"}
{"level":"info","message":"Se crea Usuario correctamente"}
{"level":"info","message":"Se obtiene lista de carritos"}
{"level":"info","message":"Se crea carrito correctamente correctamente"}
{"level":"info","message":"Se obtiene lista de tickets"}
{"level":"info","message":"Se crea ticket correctamente"}
{"level":"info","message":"Se cargan usuarios"}
{"level":"info","message":"Se crea Usuario correctamente"}
{"level":"info","message":"Se obtiene lista de carritos"}
{"level":"info","message":"Se crea carrito correctamente correctamente"}
{"level":"info","message":"Se obtiene lista de tickets"}
{"level":"info","message":"Se crea ticket correctamente"}
{"level":"info","message":"Se cargan usuarios"}
{"level":"info","message":"Se crea Usuario correctamente"}
{"level":"info","message":"Se obtiene lista de carritos"}
{"level":"info","message":"Se crea carrito correctamente correctamente"}
{"level":"info","message":"Se obtiene lista de tickets"}
{"level":"info","message":"Se crea ticket correctamente"}
{"level":"info","message":"Se cargan usuarios"}
{"level":"info","message":"Se crea Usuario correctamente"}
{"level":"info","message":"Se obtiene lista de carritos"}
{"level":"info","message":"Se crea carrito correctamente correctamente"}
{"level":"info","message":"Se obtiene lista de tickets"}
{"level":"info","message":"Se crea ticket correctamente"}
{"level":"info","message":"Se cargan usuarios"}
{"level":"info","message":"Se crea Usuario correctamente"}
{"level":"info","message":"Se obtiene lista de carritos"}
{"level":"info","message":"Se crea carrito correctamente correctamente"}
{"level":"info","message":"Se obtiene lista de tickets"}
{"level":"info","message":"Se crea ticket correctamente"}
{"level":"info","message":"Se cargan usuarios"}
{"level":"info","message":"Se crea Usuario correctamente"}
{"level":"info","message":"Se obtiene lista de carritos"}
{"level":"info","message":"Se crea carrito correctamente correctamente"}
{"level":"info","message":"Se obtiene lista de tickets"}
{"level":"info","message":"Se crea ticket correctamente"}
{"level":"info","message":"Se cargan usuarios"}
{"level":"info","message":"Se crea Usuario correctamente"}
{"level":"info","message":"Se cargan productos"}
{"level":"info","message":"Se cargan productos"}
{"level":"info","message":"Se inicia página de Inicio de Login"}
{"level":"info","message":"Inicio de sesión exitoso para el usuario: choppers.astudillo@gmail.com"}
{"level":"info","message":"Se inicia página de Usuario"}
{"level":"info","message":"Se inicia página de Inicio de Login"}
{"level":"info","message":"Inicio de sesión exitoso para el usuario: choppers.astudillo@gmail.com"}
{"level":"info","message":"Se inicia página de Usuario"}
{"level":"info","message":"Se inicia página de Usuario"}
{"level":"info","message":"Se inicia página de Usuario"}
{"level":"info","message":"Se inicia página de Usuario"}
{"level":"info","message":"Se inicia página de Inicio de Login"}
{"level":"error","message":"Error al comparar contraseñas: data and hash arguments required"}
{"level":"error","message":"Error al comparar contraseñas: data and hash arguments required"}
{"level":"info","message":"Inicio de sesión exitoso para el usuario: choppers.astudillo@gmail.com"}
{"level":"info","message":"Se inicia página de Usuario"}
{"level":"info","message":"Se inicia página de Usuario"}
{"level":"info","message":"Se inicia página de Inicio de Login"}
{"level":"error","message":"Error al comparar contraseñas: data and hash arguments required"}
{"level":"error","message":"Error al comparar contraseñas: data and hash arguments required"}
{"level":"error","message":"Error al comparar contraseñas: data and hash arguments required"}
{"level":"error","message":"Error al comparar contraseñas: data and hash arguments required"}
{"level":"error","message":"Error al comparar contraseñas: data and hash arguments required"}
{"level":"error","message":"Error al comparar contraseñas: data and hash arguments required"}
{"level":"info","message":"Inicio de sesión exitoso para el usuario: choppers.astudillo@gmail.com"}
{"level":"info","message":"Se inicia página de Usuario"}
{"level":"info","message":"Se inicia página de Inicio de Login"}
{"level":"info","message":"Inicio de sesión exitoso para el usuario: choppers.astudillo@gmail.com"}
{"level":"info","message":"Se inicia página de Usuario"}
{"level":"info","message":"Se inicia página de Usuario"}
{"level":"info","message":"Se inicia página de Usuario"}
{"level":"info","message":"Se inicia página de Usuario"}
{"level":"info","message":"Se obtiene lista de carritos"}
{"level":"info","message":"Se crea carrito correctamente correctamente"}
{"level":"info","message":"Se cargan productos"}
{"level":"info","message":"Se crea producto correctamente"}
{"level":"info","message":"Se crea producto con usuario premium"}
{"level":"info","message":"Se obtiene lista de tickets"}
{"level":"info","message":"Se crea ticket correctamente"}
{"level":"info","message":"Se cargan usuarios"}
{"level":"info","message":"Se crea Usuario correctamente"}
{"level":"info","message":"Se obtiene lista de carritos"}
{"level":"info","message":"Se crea carrito correctamente correctamente"}
{"level":"info","message":"Se cargan productos"}
{"level":"info","message":"Se crea producto correctamente"}
{"level":"info","message":"Se crea producto con usuario premium"}
{"level":"info","message":"Se obtiene lista de tickets"}
{"level":"info","message":"Se crea ticket correctamente"}
{"level":"info","message":"Se cargan usuarios"}
{"level":"info","message":"Se crea Usuario correctamente"}
{"level":"info","message":"Se obtiene lista de carritos"}
{"level":"info","message":"Se crea carrito correctamente correctamente"}
{"level":"info","message":"Se cargan productos"}
{"level":"info","message":"Se crea producto correctamente"}
{"level":"info","message":"Se crea producto con usuario premium"}
{"level":"info","message":"Se obtiene lista de tickets"}
{"level":"info","message":"Se crea ticket correctamente"}
{"level":"info","message":"Se cargan usuarios"}
{"level":"info","message":"Se crea Usuario correctamente"}
{"level":"info","message":"Se obtiene lista de carritos"}
{"level":"info","message":"Se crea carrito correctamente correctamente"}
{"level":"info","message":"Se cargan productos"}
{"level":"info","message":"Se crea producto correctamente"}
{"level":"info","message":"Se crea producto con usuario premium"}
{"level":"info","message":"Se obtiene lista de tickets"}
{"level":"info","message":"Se crea ticket correctamente"}
{"level":"info","message":"Se cargan usuarios"}
{"level":"info","message":"Se crea Usuario correctamente"}
{"level":"info","message":"Se obtiene lista de carritos"}
{"level":"info","message":"Se crea carrito correctamente correctamente"}
{"level":"info","message":"Se cargan productos"}
{"level":"info","message":"Se crea producto correctamente"}
{"level":"info","message":"Se crea producto con usuario premium"}
{"level":"info","message":"Se obtiene lista de tickets"}
{"level":"info","message":"Se crea ticket correctamente"}
{"level":"info","message":"Se cargan usuarios"}
{"level":"info","message":"Se crea Usuario correctamente"}
{"level":"info","message":"Se obtiene lista de carritos"}
{"level":"info","message":"Se crea carrito correctamente correctamente"}
{"level":"info","message":"Se cargan productos"}
{"level":"info","message":"Se crea producto correctamente"}
{"level":"info","message":"Se crea producto con usuario premium"}
{"level":"info","message":"Se obtiene lista de tickets"}
{"level":"info","message":"Se crea ticket correctamente"}
{"level":"info","message":"Se cargan usuarios"}
{"level":"info","message":"Se crea Usuario correctamente"}
{"level":"info","message":"Se obtiene lista de carritos"}
{"level":"info","message":"Se crea carrito correctamente correctamente"}
{"level":"info","message":"Se cargan productos"}
{"level":"info","message":"Se crea producto correctamente"}
{"level":"info","message":"Se crea producto con usuario premium"}
{"level":"info","message":"Se obtiene lista de tickets"}
{"level":"info","message":"Se crea ticket correctamente"}
{"level":"info","message":"Se cargan usuarios"}
{"level":"info","message":"Se crea Usuario correctamente"}
{"level":"info","message":"Se obtiene lista de carritos"}
{"level":"info","message":"Se crea carrito correctamente correctamente"}
{"level":"info","message":"Se cargan productos"}
{"level":"info","message":"Se crea producto correctamente"}
{"level":"info","message":"Se crea producto con usuario premium"}
{"level":"info","message":"Se obtiene lista de tickets"}
{"level":"info","message":"Se crea ticket correctamente"}
{"level":"info","message":"Se cargan usuarios"}
{"level":"info","message":"Se crea Usuario correctamente"}
{"level":"info","message":"Se obtiene lista de carritos"}
{"level":"info","message":"Se crea carrito correctamente correctamente"}
{"level":"info","message":"Se cargan productos"}
{"level":"info","message":"Se crea producto correctamente"}
{"level":"info","message":"Se crea producto con usuario premium"}
{"level":"info","message":"Se obtiene lista de tickets"}
{"level":"info","message":"Se crea ticket correctamente"}
{"level":"info","message":"Se cargan usuarios"}
{"level":"info","message":"Se crea Usuario correctamente"}
{"level":"info","message":"Se obtiene lista de carritos"}
{"level":"info","message":"Se crea carrito correctamente correctamente"}
{"level":"info","message":"Se cargan productos"}
{"level":"info","message":"Se crea producto correctamente"}
{"level":"info","message":"Se crea producto con usuario premium"}
{"level":"info","message":"Se obtiene lista de tickets"}
{"level":"info","message":"Se crea ticket correctamente"}
{"level":"info","message":"Se cargan usuarios"}
{"level":"info","message":"Se crea Usuario correctamente"}
{"level":"info","message":"Se obtiene lista de carritos"}
{"level":"info","message":"Se crea carrito correctamente correctamente"}
{"level":"info","message":"Se cargan productos"}
{"level":"info","message":"Se crea producto correctamente"}
{"level":"info","message":"Se crea producto con usuario premium"}
{"level":"info","message":"Se obtiene lista de tickets"}
{"level":"info","message":"Se crea ticket correctamente"}
{"level":"info","message":"Se cargan usuarios"}
{"level":"info","message":"Se crea Usuario correctamente"}
{"level":"info","message":"Se obtiene lista de carritos"}
{"level":"info","message":"Se crea carrito correctamente correctamente"}
{"level":"info","message":"Se cargan productos"}
{"level":"info","message":"Se crea producto correctamente"}
{"level":"info","message":"Se crea producto con usuario premium"}
{"level":"info","message":"Se obtiene lista de tickets"}
{"level":"info","message":"Se crea ticket correctamente"}
{"level":"info","message":"Se cargan usuarios"}
{"level":"info","message":"Se crea Usuario correctamente"}
{"level":"info","message":"Se obtiene lista de carritos"}
{"level":"info","message":"Se crea carrito correctamente correctamente"}
{"level":"info","message":"Se cargan productos"}
{"level":"info","message":"Se crea producto correctamente"}
{"level":"info","message":"Se crea producto con usuario premium"}
{"level":"info","message":"Se obtiene lista de tickets"}
{"level":"info","message":"Se crea ticket correctamente"}
{"level":"info","message":"Se cargan usuarios"}
{"level":"info","message":"Se crea Usuario correctamente"}
{"level":"info","message":"Se obtiene lista de carritos"}
{"level":"info","message":"Se crea carrito correctamente correctamente"}
{"level":"info","message":"Se cargan productos"}
{"level":"info","message":"Se crea producto correctamente"}
{"level":"info","message":"Se crea producto con usuario premium"}
{"level":"info","message":"Se obtiene lista de tickets"}
{"level":"info","message":"Se crea ticket correctamente"}
{"level":"info","message":"Se cargan usuarios"}
{"level":"info","message":"Se crea Usuario correctamente"}
{"level":"info","message":"Se inicia página de Inicio de Login"}
{"level":"info","message":"Inicio de sesión exitoso para el usuario: ge.astudillo.aray@gmail.com"}
{"level":"info","message":"Se inicia página de Usuario Plus (Premium)"}
{"level":"info","message":"Se obtiene lista de carritos"}
{"level":"info","message":"Se crea carrito correctamente correctamente"}
{"level":"info","message":"Se cargan productos"}
{"level":"info","message":"Se crea producto correctamente"}
{"level":"info","message":"Se crea producto con usuario premium"}
{"level":"info","message":"Se obtiene lista de tickets"}
{"level":"info","message":"Se crea ticket correctamente"}
{"level":"info","message":"Se cargan usuarios"}
{"level":"info","message":"Se crea Usuario correctamente"}
{"level":"info","message":"Se obtiene lista de carritos"}
{"level":"info","message":"Se crea carrito correctamente correctamente"}
{"level":"info","message":"Se cargan productos"}
{"level":"info","message":"Se crea producto correctamente"}
{"level":"info","message":"Se crea producto con usuario premium"}
{"level":"info","message":"Se obtiene lista de tickets"}
{"level":"info","message":"Se crea ticket correctamente"}
{"level":"info","message":"Se cargan usuarios"}
{"level":"info","message":"Se crea Usuario correctamente"}
{"level":"info","message":"Se obtiene lista de carritos"}
{"level":"info","message":"Se crea carrito correctamente correctamente"}
{"level":"info","message":"Se cargan productos"}
{"level":"info","message":"Se crea producto correctamente"}
{"level":"info","message":"Se crea producto con usuario premium"}
{"level":"info","message":"Se obtiene lista de tickets"}
{"level":"info","message":"Se crea ticket correctamente"}
{"level":"info","message":"Se cargan usuarios"}
{"level":"info","message":"Se crea Usuario correctamente"}
{"level":"info","message":"Se inicia página de Usuario Plus (Premium)"}
{"level":"info","message":"Se inicia página de Usuario Plus (Premium)"}
{"level":"info","message":"Se inicia página de Usuario Plus (Premium)"}
{"level":"info","message":"Se inicia página de Usuario Plus (Premium)"}
{"level":"info","message":"Se inicia página de Usuario Plus (Premium)"}
{"level":"info","message":"Se inicia página de Usuario Plus (Premium)"}
{"level":"info","message":"Se inicia página de Inicio de Login"}
{"level":"info","message":"Inicio de sesión exitoso para el usuario: g.fullstack.mlk@gmail.com"}
{"level":"info","message":"Se inicia página de Administrador"}
{"level":"info","message":"Se inicia página de Administrador"}
{"level":"info","message":"Se inicia página de Administrador"}
{"level":"info","message":"Se inicia página de Administrador"}
{"level":"info","message":"Se inicia página de Administrador"}
{"level":"info","message":"Se inicia página de Administrador"}
{"level":"info","message":"Se inicia página de Administrador"}
{"level":"info","message":"Se inicia página de Administrador"}
{"level":"info","message":"Se inicia página de Administrador"}
{"level":"info","message":"Se inicia página de Administrador"}
{"level":"info","message":"Se inicia página de Administrador"}
{"level":"info","message":"Se inicia página de Administrador"}
{"level":"info","message":"Se inicia página de Administrador"}
{"level":"info","message":"Se inicia página de Administrador"}
{"level":"info","message":"Se inicia página de Administrador"}
{"level":"info","message":"Se inicia página de Administrador"}
{"level":"info","message":"Se inicia página de Administrador"}
{"level":"info","message":"Se inicia página de Administrador"}
{"level":"info","message":"Se inicia página de Administrador"}
{"level":"info","message":"Se inicia página de Administrador"}
{"level":"info","message":"Se inicia página de Administrador"}
{"level":"info","message":"Se inicia página de Administrador"}
{"level":"info","message":"Se inicia página de Administrador"}
{"level":"info","message":"Se inicia página de Administrador"}
{"level":"info","message":"Se inicia página de Administrador"}
{"level":"info","message":"Se inicia página de Administrador"}
{"level":"info","message":"Se inicia página de Administrador"}
{"level":"info","message":"Se inicia página de Administrador"}
{"level":"info","message":"Se inicia página de Administrador"}
{"level":"info","message":"Se inicia página de Administrador"}
{"level":"info","message":"Se inicia página de Administrador"}
{"level":"info","message":"Se inicia página de Administrador"}
{"level":"info","message":"Se inicia página de Administrador"}
{"level":"info","message":"Se inicia página de Administrador"}
{"level":"info","message":"Se inicia página de Administrador"}
{"level":"info","message":"Se inicia página de Administrador"}
{"level":"info","message":"Se inicia página de Administrador"}
{"level":"info","message":"Se inicia página de Administrador"}
{"level":"info","message":"Se inicia página de Administrador"}
{"level":"info","message":"Se inicia página de Administrador"}
{"level":"info","message":"Se inicia página de Administrador"}
{"level":"info","message":"Se inicia página de Administrador"}
{"level":"info","message":"Se inicia página de Administrador"}
{"level":"info","message":"Se inicia página de Administrador"}
{"level":"info","message":"Se inicia página de Administrador"}
{"level":"info","message":"Se inicia página de Administrador"}
{"level":"info","message":"Se inicia página de Inicio de Login"}
{"level":"info","message":"Inicio de sesión exitoso para el usuario: choppers.astudillo@gmail.com"}
{"level":"info","message":"Se inicia página de Usuario"}
{"level":"info","message":"Se inicia página de Usuario"}
{"level":"info","message":"Se Cierra Sesión"}
{"level":"info","message":"Se inicia página de Inicio de Login"}
{"level":"info","message":"Inicio de sesión exitoso para el usuario: g.fullstack.mlk@gmail.com"}
{"level":"info","message":"Se inicia página de Administrador"}
